Release 14.7 Map P.20131013 (nt64)
Xilinx Mapping Report File for Design 'top'

Design Information
------------------
Command Line   : map -intstyle ise -p xc6slx25-csg324-3 -w -logic_opt off -ol
high -t 1 -xt 0 -register_duplication off -r 4 -global_opt off -mt off -ir off
-pr off -lc off -power off -o top_map.ncd top.ngd top.pcf 
Target Device  : xc6slx25
Target Package : csg324
Target Speed   : -3
Mapper Version : spartan6 -- $Revision: 1.55 $
Mapped Date    : Tue May 29 21:46:47 2018

Design Summary
--------------
Number of errors:      0
Number of warnings:    0
Slice Logic Utilization:
  Number of Slice Registers:                   878 out of  30,064    2%
    Number used as Flip Flops:                 878
    Number used as Latches:                      0
    Number used as Latch-thrus:                  0
    Number used as AND/OR logics:                0
  Number of Slice LUTs:                      1,958 out of  15,032   13%
    Number used as logic:                    1,891 out of  15,032   12%
      Number using O6 output only:           1,502
      Number using O5 output only:              64
      Number using O5 and O6:                  325
      Number used as ROM:                        0
    Number used as Memory:                      64 out of   3,664    1%
      Number used as Dual Port RAM:             64
        Number using O6 output only:            64
        Number using O5 output only:             0
        Number using O5 and O6:                  0
      Number used as Single Port RAM:            0
      Number used as Shift Register:             0
    Number used exclusively as route-thrus:      3
      Number with same-slice register load:      0
      Number with same-slice carry load:         3
      Number with other load:                    0

Slice Logic Distribution:
  Number of occupied Slices:                   562 out of   3,758   14%
  Number of MUXCYs used:                       168 out of   7,516    2%
  Number of LUT Flip Flop pairs used:        1,961
    Number with an unused Flip Flop:         1,302 out of   1,961   66%
    Number with an unused LUT:                   3 out of   1,961    1%
    Number of fully used LUT-FF pairs:         656 out of   1,961   33%
    Number of unique control sets:               7
    Number of slice register sites lost
      to control set restrictions:              18 out of  30,064    1%

  A LUT Flip Flop pair for this architecture represents one LUT paired with
  one Flip Flop within a slice.  A control set is a unique combination of
  clock, reset, set, and enable signals for a registered element.
  The Slice Logic Distribution report is not meaningful if the design is
  over-mapped for a non-slice resource or if Placement fails.

IO Utilization:
  Number of bonded IOBs:                        20 out of     226    8%
    Number of LOCed IOBs:                       20 out of      20  100%
    IOB Flip Flops:                              1

Specific Feature Utilization:
  Number of RAMB16BWERs:                         0 out of      52    0%
  Number of RAMB8BWERs:                          0 out of     104    0%
  Number of BUFIO2/BUFIO2_2CLKs:                 0 out of      32    0%
  Number of BUFIO2FB/BUFIO2FB_2CLKs:             0 out of      32    0%
  Number of BUFG/BUFGMUXs:                       1 out of      16    6%
    Number used as BUFGs:                        1
    Number used as BUFGMUX:                      0
  Number of DCM/DCM_CLKGENs:                     0 out of       4    0%
  Number of ILOGIC2/ISERDES2s:                   0 out of     272    0%
  Number of IODELAY2/IODRP2/IODRP2_MCBs:         0 out of     272    0%
  Number of OLOGIC2/OSERDES2s:                   1 out of     272    1%
    Number used as OLOGIC2s:                     1
    Number used as OSERDES2s:                    0
  Number of BSCANs:                              0 out of       4    0%
  Number of BUFHs:                               0 out of     160    0%
  Number of BUFPLLs:                             0 out of       8    0%
  Number of BUFPLL_MCBs:                         0 out of       4    0%
  Number of DSP48A1s:                            0 out of      38    0%
  Number of ICAPs:                               0 out of       1    0%
  Number of MCBs:                                0 out of       2    0%
  Number of PCILOGICSEs:                         0 out of       2    0%
  Number of PLL_ADVs:                            0 out of       2    0%
  Number of PMVs:                                0 out of       1    0%
  Number of STARTUPs:                            0 out of       1    0%
  Number of SUSPEND_SYNCs:                       0 out of       1    0%

Average Fanout of Non-Clock Nets:                5.26

Peak Memory Usage:  539 MB
Total REAL time to MAP completion:  47 secs 
Total CPU time to MAP completion:   43 secs 

Table of Contents
-----------------
Section 1 - Errors
Section 2 - Warnings
Section 3 - Informational
Section 4 - Removed Logic Summary
Section 5 - Removed Logic
Section 6 - IOB Properties
Section 7 - RPMs
Section 8 - Guide Report
Section 9 - Area Group and Partition Summary
Section 10 - Timing Report
Section 11 - Configuration String Information
Section 12 - Control Set Information
Section 13 - Utilization by Hierarchy

Section 1 - Errors
------------------

Section 2 - Warnings
--------------------
WARNING:Security:42 - Your software subscription period has lapsed. Your current
version of Xilinx tools will continue to function, but you no longer qualify for
Xilinx software updates or new releases.

Section 3 - Informational
-------------------------
INFO:Security:54 - 'xc6slx25' is a WebPack part.
INFO:LIT:243 - Logical network
   cpu_module/instruction_mem/data_memory/U0/xst_options.dist_mem_inst/gen_dp_ra
   m.dpram_inst/qspo_int<31> has no load.
INFO:LIT:395 - The above info message is repeated 64 more times for the
   following (max. 5 shown):
   cpu_module/instruction_mem/data_memory/U0/xst_options.dist_mem_inst/gen_dp_ra
   m.dpram_inst/qspo_int<30>,
   cpu_module/instruction_mem/data_memory/U0/xst_options.dist_mem_inst/gen_dp_ra
   m.dpram_inst/qspo_int<29>,
   cpu_module/instruction_mem/data_memory/U0/xst_options.dist_mem_inst/gen_dp_ra
   m.dpram_inst/qspo_int<28>,
   cpu_module/instruction_mem/data_memory/U0/xst_options.dist_mem_inst/gen_dp_ra
   m.dpram_inst/qspo_int<27>,
   cpu_module/instruction_mem/data_memory/U0/xst_options.dist_mem_inst/gen_dp_ra
   m.dpram_inst/qspo_int<26>
   To see the details of these info messages, please use the -detail switch.
INFO:MapLib:562 - No environment variables are currently set.
INFO:LIT:244 - All of the single ended outputs in this design are using slew
   rate limited output drivers. The delay on speed critical single ended outputs
   can be dramatically reduced by designating them as fast outputs.
INFO:Pack:1716 - Initializing temperature to 85.000 Celsius. (default - Range:
   0.000 to 85.000 Celsius)
INFO:Pack:1720 - Initializing voltage to 1.140 Volts. (default - Range: 1.140 to
   1.260 Volts)
INFO:Map:215 - The Interim Design Summary has been generated in the MAP Report
   (.mrp).
INFO:Pack:1650 - Map created a placed design.

Section 4 - Removed Logic Summary
---------------------------------
  65 block(s) removed
   2 block(s) optimized away
  65 signal(s) removed

Section 5 - Removed Logic
-------------------------

The trimmed logic report below shows the logic removed from your design due to
sourceless or loadless signals, and VCC or ground connections.  If the removal
of a signal or symbol results in the subsequent removal of an additional signal
or symbol, the message explaining that second removal will be indented.  This
indentation will be repeated as a chain of related logic is removed.

To quickly locate the original cause for the removal of a chain of logic, look
above the place where that logic is listed in the trimming report, then locate
the lines that are least indented (begin at the leftmost edge).

The signal
"cpu_module/instruction_mem/data_memory/U0/xst_options.dist_mem_inst/gen_dp_ram.
dpram_inst/qspo_int<31>" is sourceless and has been removed.
The signal
"cpu_module/instruction_mem/data_memory/U0/xst_options.dist_mem_inst/gen_dp_ram.
dpram_inst/qspo_int<30>" is sourceless and has been removed.
The signal
"cpu_module/instruction_mem/data_memory/U0/xst_options.dist_mem_inst/gen_dp_ram.
dpram_inst/qspo_int<29>" is sourceless and has been removed.
The signal
"cpu_module/instruction_mem/data_memory/U0/xst_options.dist_mem_inst/gen_dp_ram.
dpram_inst/qspo_int<28>" is sourceless and has been removed.
The signal
"cpu_module/instruction_mem/data_memory/U0/xst_options.dist_mem_inst/gen_dp_ram.
dpram_inst/qspo_int<27>" is sourceless and has been removed.
The signal
"cpu_module/instruction_mem/data_memory/U0/xst_options.dist_mem_inst/gen_dp_ram.
dpram_inst/qspo_int<26>" is sourceless and has been removed.
The signal
"cpu_module/instruction_mem/data_memory/U0/xst_options.dist_mem_inst/gen_dp_ram.
dpram_inst/qspo_int<25>" is sourceless and has been removed.
The signal
"cpu_module/instruction_mem/data_memory/U0/xst_options.dist_mem_inst/gen_dp_ram.
dpram_inst/qspo_int<24>" is sourceless and has been removed.
The signal
"cpu_module/instruction_mem/data_memory/U0/xst_options.dist_mem_inst/gen_dp_ram.
dpram_inst/qspo_int<23>" is sourceless and has been removed.
The signal
"cpu_module/instruction_mem/data_memory/U0/xst_options.dist_mem_inst/gen_dp_ram.
dpram_inst/qspo_int<22>" is sourceless and has been removed.
The signal
"cpu_module/instruction_mem/data_memory/U0/xst_options.dist_mem_inst/gen_dp_ram.
dpram_inst/qspo_int<21>" is sourceless and has been removed.
The signal
"cpu_module/instruction_mem/data_memory/U0/xst_options.dist_mem_inst/gen_dp_ram.
dpram_inst/qspo_int<20>" is sourceless and has been removed.
The signal
"cpu_module/instruction_mem/data_memory/U0/xst_options.dist_mem_inst/gen_dp_ram.
dpram_inst/qspo_int<19>" is sourceless and has been removed.
The signal
"cpu_module/instruction_mem/data_memory/U0/xst_options.dist_mem_inst/gen_dp_ram.
dpram_inst/qspo_int<18>" is sourceless and has been removed.
The signal
"cpu_module/instruction_mem/data_memory/U0/xst_options.dist_mem_inst/gen_dp_ram.
dpram_inst/qspo_int<17>" is sourceless and has been removed.
The signal
"cpu_module/instruction_mem/data_memory/U0/xst_options.dist_mem_inst/gen_dp_ram.
dpram_inst/qspo_int<16>" is sourceless and has been removed.
The signal
"cpu_module/instruction_mem/data_memory/U0/xst_options.dist_mem_inst/gen_dp_ram.
dpram_inst/qspo_int<15>" is sourceless and has been removed.
The signal
"cpu_module/instruction_mem/data_memory/U0/xst_options.dist_mem_inst/gen_dp_ram.
dpram_inst/qspo_int<14>" is sourceless and has been removed.
The signal
"cpu_module/instruction_mem/data_memory/U0/xst_options.dist_mem_inst/gen_dp_ram.
dpram_inst/qspo_int<13>" is sourceless and has been removed.
The signal
"cpu_module/instruction_mem/data_memory/U0/xst_options.dist_mem_inst/gen_dp_ram.
dpram_inst/qspo_int<12>" is sourceless and has been removed.
The signal
"cpu_module/instruction_mem/data_memory/U0/xst_options.dist_mem_inst/gen_dp_ram.
dpram_inst/qspo_int<11>" is sourceless and has been removed.
The signal
"cpu_module/instruction_mem/data_memory/U0/xst_options.dist_mem_inst/gen_dp_ram.
dpram_inst/qspo_int<10>" is sourceless and has been removed.
The signal
"cpu_module/instruction_mem/data_memory/U0/xst_options.dist_mem_inst/gen_dp_ram.
dpram_inst/qspo_int<9>" is sourceless and has been removed.
The signal
"cpu_module/instruction_mem/data_memory/U0/xst_options.dist_mem_inst/gen_dp_ram.
dpram_inst/qspo_int<8>" is sourceless and has been removed.
The signal
"cpu_module/instruction_mem/data_memory/U0/xst_options.dist_mem_inst/gen_dp_ram.
dpram_inst/qspo_int<7>" is sourceless and has been removed.
The signal
"cpu_module/instruction_mem/data_memory/U0/xst_options.dist_mem_inst/gen_dp_ram.
dpram_inst/qspo_int<6>" is sourceless and has been removed.
The signal
"cpu_module/instruction_mem/data_memory/U0/xst_options.dist_mem_inst/gen_dp_ram.
dpram_inst/qspo_int<5>" is sourceless and has been removed.
The signal
"cpu_module/instruction_mem/data_memory/U0/xst_options.dist_mem_inst/gen_dp_ram.
dpram_inst/qspo_int<4>" is sourceless and has been removed.
The signal
"cpu_module/instruction_mem/data_memory/U0/xst_options.dist_mem_inst/gen_dp_ram.
dpram_inst/qspo_int<3>" is sourceless and has been removed.
The signal
"cpu_module/instruction_mem/data_memory/U0/xst_options.dist_mem_inst/gen_dp_ram.
dpram_inst/qspo_int<2>" is sourceless and has been removed.
The signal
"cpu_module/instruction_mem/data_memory/U0/xst_options.dist_mem_inst/gen_dp_ram.
dpram_inst/qspo_int<1>" is sourceless and has been removed.
The signal
"cpu_module/instruction_mem/data_memory/U0/xst_options.dist_mem_inst/gen_dp_ram.
dpram_inst/qspo_int<0>" is sourceless and has been removed.
The signal
"cpu_module/instruction_mem/data_memory/U0/xst_options.dist_mem_inst/gen_dp_ram.
dpram_inst/qdpo_int<31>" is sourceless and has been removed.
The signal
"cpu_module/instruction_mem/data_memory/U0/xst_options.dist_mem_inst/gen_dp_ram.
dpram_inst/qdpo_int<30>" is sourceless and has been removed.
The signal
"cpu_module/instruction_mem/data_memory/U0/xst_options.dist_mem_inst/gen_dp_ram.
dpram_inst/qdpo_int<29>" is sourceless and has been removed.
The signal
"cpu_module/instruction_mem/data_memory/U0/xst_options.dist_mem_inst/gen_dp_ram.
dpram_inst/qdpo_int<28>" is sourceless and has been removed.
The signal
"cpu_module/instruction_mem/data_memory/U0/xst_options.dist_mem_inst/gen_dp_ram.
dpram_inst/qdpo_int<27>" is sourceless and has been removed.
The signal
"cpu_module/instruction_mem/data_memory/U0/xst_options.dist_mem_inst/gen_dp_ram.
dpram_inst/qdpo_int<26>" is sourceless and has been removed.
The signal
"cpu_module/instruction_mem/data_memory/U0/xst_options.dist_mem_inst/gen_dp_ram.
dpram_inst/qdpo_int<25>" is sourceless and has been removed.
The signal
"cpu_module/instruction_mem/data_memory/U0/xst_options.dist_mem_inst/gen_dp_ram.
dpram_inst/qdpo_int<24>" is sourceless and has been removed.
The signal
"cpu_module/instruction_mem/data_memory/U0/xst_options.dist_mem_inst/gen_dp_ram.
dpram_inst/qdpo_int<23>" is sourceless and has been removed.
The signal
"cpu_module/instruction_mem/data_memory/U0/xst_options.dist_mem_inst/gen_dp_ram.
dpram_inst/qdpo_int<22>" is sourceless and has been removed.
The signal
"cpu_module/instruction_mem/data_memory/U0/xst_options.dist_mem_inst/gen_dp_ram.
dpram_inst/qdpo_int<21>" is sourceless and has been removed.
The signal
"cpu_module/instruction_mem/data_memory/U0/xst_options.dist_mem_inst/gen_dp_ram.
dpram_inst/qdpo_int<20>" is sourceless and has been removed.
The signal
"cpu_module/instruction_mem/data_memory/U0/xst_options.dist_mem_inst/gen_dp_ram.
dpram_inst/qdpo_int<19>" is sourceless and has been removed.
The signal
"cpu_module/instruction_mem/data_memory/U0/xst_options.dist_mem_inst/gen_dp_ram.
dpram_inst/qdpo_int<18>" is sourceless and has been removed.
The signal
"cpu_module/instruction_mem/data_memory/U0/xst_options.dist_mem_inst/gen_dp_ram.
dpram_inst/qdpo_int<17>" is sourceless and has been removed.
The signal
"cpu_module/instruction_mem/data_memory/U0/xst_options.dist_mem_inst/gen_dp_ram.
dpram_inst/qdpo_int<16>" is sourceless and has been removed.
The signal
"cpu_module/instruction_mem/data_memory/U0/xst_options.dist_mem_inst/gen_dp_ram.
dpram_inst/qdpo_int<15>" is sourceless and has been removed.
The signal
"cpu_module/instruction_mem/data_memory/U0/xst_options.dist_mem_inst/gen_dp_ram.
dpram_inst/qdpo_int<14>" is sourceless and has been removed.
The signal
"cpu_module/instruction_mem/data_memory/U0/xst_options.dist_mem_inst/gen_dp_ram.
dpram_inst/qdpo_int<13>" is sourceless and has been removed.
The signal
"cpu_module/instruction_mem/data_memory/U0/xst_options.dist_mem_inst/gen_dp_ram.
dpram_inst/qdpo_int<12>" is sourceless and has been removed.
The signal
"cpu_module/instruction_mem/data_memory/U0/xst_options.dist_mem_inst/gen_dp_ram.
dpram_inst/qdpo_int<11>" is sourceless and has been removed.
The signal
"cpu_module/instruction_mem/data_memory/U0/xst_options.dist_mem_inst/gen_dp_ram.
dpram_inst/qdpo_int<10>" is sourceless and has been removed.
The signal
"cpu_module/instruction_mem/data_memory/U0/xst_options.dist_mem_inst/gen_dp_ram.
dpram_inst/qdpo_int<9>" is sourceless and has been removed.
The signal
"cpu_module/instruction_mem/data_memory/U0/xst_options.dist_mem_inst/gen_dp_ram.
dpram_inst/qdpo_int<8>" is sourceless and has been removed.
The signal
"cpu_module/instruction_mem/data_memory/U0/xst_options.dist_mem_inst/gen_dp_ram.
dpram_inst/qdpo_int<7>" is sourceless and has been removed.
The signal
"cpu_module/instruction_mem/data_memory/U0/xst_options.dist_mem_inst/gen_dp_ram.
dpram_inst/qdpo_int<6>" is sourceless and has been removed.
The signal
"cpu_module/instruction_mem/data_memory/U0/xst_options.dist_mem_inst/gen_dp_ram.
dpram_inst/qdpo_int<5>" is sourceless and has been removed.
The signal
"cpu_module/instruction_mem/data_memory/U0/xst_options.dist_mem_inst/gen_dp_ram.
dpram_inst/qdpo_int<4>" is sourceless and has been removed.
The signal
"cpu_module/instruction_mem/data_memory/U0/xst_options.dist_mem_inst/gen_dp_ram.
dpram_inst/qdpo_int<3>" is sourceless and has been removed.
The signal
"cpu_module/instruction_mem/data_memory/U0/xst_options.dist_mem_inst/gen_dp_ram.
dpram_inst/qdpo_int<2>" is sourceless and has been removed.
The signal
"cpu_module/instruction_mem/data_memory/U0/xst_options.dist_mem_inst/gen_dp_ram.
dpram_inst/qdpo_int<1>" is sourceless and has been removed.
The signal
"cpu_module/instruction_mem/data_memory/U0/xst_options.dist_mem_inst/gen_dp_ram.
dpram_inst/qdpo_int<0>" is sourceless and has been removed.
The signal "cpu_module/instruction_fetch/instruction_memory/spo<20>" is
sourceless and has been removed.
Unused block "cpu_module/instruction_fetch/instruction_memory/XST_GND1" (ZERO)
removed.
Unused block
"cpu_module/instruction_mem/data_memory/U0/xst_options.dist_mem_inst/gen_dp_ram.
dpram_inst/qdpo_int_0" (FF) removed.
Unused block
"cpu_module/instruction_mem/data_memory/U0/xst_options.dist_mem_inst/gen_dp_ram.
dpram_inst/qdpo_int_1" (FF) removed.
Unused block
"cpu_module/instruction_mem/data_memory/U0/xst_options.dist_mem_inst/gen_dp_ram.
dpram_inst/qdpo_int_10" (FF) removed.
Unused block
"cpu_module/instruction_mem/data_memory/U0/xst_options.dist_mem_inst/gen_dp_ram.
dpram_inst/qdpo_int_11" (FF) removed.
Unused block
"cpu_module/instruction_mem/data_memory/U0/xst_options.dist_mem_inst/gen_dp_ram.
dpram_inst/qdpo_int_12" (FF) removed.
Unused block
"cpu_module/instruction_mem/data_memory/U0/xst_options.dist_mem_inst/gen_dp_ram.
dpram_inst/qdpo_int_13" (FF) removed.
Unused block
"cpu_module/instruction_mem/data_memory/U0/xst_options.dist_mem_inst/gen_dp_ram.
dpram_inst/qdpo_int_14" (FF) removed.
Unused block
"cpu_module/instruction_mem/data_memory/U0/xst_options.dist_mem_inst/gen_dp_ram.
dpram_inst/qdpo_int_15" (FF) removed.
Unused block
"cpu_module/instruction_mem/data_memory/U0/xst_options.dist_mem_inst/gen_dp_ram.
dpram_inst/qdpo_int_16" (FF) removed.
Unused block
"cpu_module/instruction_mem/data_memory/U0/xst_options.dist_mem_inst/gen_dp_ram.
dpram_inst/qdpo_int_17" (FF) removed.
Unused block
"cpu_module/instruction_mem/data_memory/U0/xst_options.dist_mem_inst/gen_dp_ram.
dpram_inst/qdpo_int_18" (FF) removed.
Unused block
"cpu_module/instruction_mem/data_memory/U0/xst_options.dist_mem_inst/gen_dp_ram.
dpram_inst/qdpo_int_19" (FF) removed.
Unused block
"cpu_module/instruction_mem/data_memory/U0/xst_options.dist_mem_inst/gen_dp_ram.
dpram_inst/qdpo_int_2" (FF) removed.
Unused block
"cpu_module/instruction_mem/data_memory/U0/xst_options.dist_mem_inst/gen_dp_ram.
dpram_inst/qdpo_int_20" (FF) removed.
Unused block
"cpu_module/instruction_mem/data_memory/U0/xst_options.dist_mem_inst/gen_dp_ram.
dpram_inst/qdpo_int_21" (FF) removed.
Unused block
"cpu_module/instruction_mem/data_memory/U0/xst_options.dist_mem_inst/gen_dp_ram.
dpram_inst/qdpo_int_22" (FF) removed.
Unused block
"cpu_module/instruction_mem/data_memory/U0/xst_options.dist_mem_inst/gen_dp_ram.
dpram_inst/qdpo_int_23" (FF) removed.
Unused block
"cpu_module/instruction_mem/data_memory/U0/xst_options.dist_mem_inst/gen_dp_ram.
dpram_inst/qdpo_int_24" (FF) removed.
Unused block
"cpu_module/instruction_mem/data_memory/U0/xst_options.dist_mem_inst/gen_dp_ram.
dpram_inst/qdpo_int_25" (FF) removed.
Unused block
"cpu_module/instruction_mem/data_memory/U0/xst_options.dist_mem_inst/gen_dp_ram.
dpram_inst/qdpo_int_26" (FF) removed.
Unused block
"cpu_module/instruction_mem/data_memory/U0/xst_options.dist_mem_inst/gen_dp_ram.
dpram_inst/qdpo_int_27" (FF) removed.
Unused block
"cpu_module/instruction_mem/data_memory/U0/xst_options.dist_mem_inst/gen_dp_ram.
dpram_inst/qdpo_int_28" (FF) removed.
Unused block
"cpu_module/instruction_mem/data_memory/U0/xst_options.dist_mem_inst/gen_dp_ram.
dpram_inst/qdpo_int_29" (FF) removed.
Unused block
"cpu_module/instruction_mem/data_memory/U0/xst_options.dist_mem_inst/gen_dp_ram.
dpram_inst/qdpo_int_3" (FF) removed.
Unused block
"cpu_module/instruction_mem/data_memory/U0/xst_options.dist_mem_inst/gen_dp_ram.
dpram_inst/qdpo_int_30" (FF) removed.
Unused block
"cpu_module/instruction_mem/data_memory/U0/xst_options.dist_mem_inst/gen_dp_ram.
dpram_inst/qdpo_int_31" (FF) removed.
Unused block
"cpu_module/instruction_mem/data_memory/U0/xst_options.dist_mem_inst/gen_dp_ram.
dpram_inst/qdpo_int_4" (FF) removed.
Unused block
"cpu_module/instruction_mem/data_memory/U0/xst_options.dist_mem_inst/gen_dp_ram.
dpram_inst/qdpo_int_5" (FF) removed.
Unused block
"cpu_module/instruction_mem/data_memory/U0/xst_options.dist_mem_inst/gen_dp_ram.
dpram_inst/qdpo_int_6" (FF) removed.
Unused block
"cpu_module/instruction_mem/data_memory/U0/xst_options.dist_mem_inst/gen_dp_ram.
dpram_inst/qdpo_int_7" (FF) removed.
Unused block
"cpu_module/instruction_mem/data_memory/U0/xst_options.dist_mem_inst/gen_dp_ram.
dpram_inst/qdpo_int_8" (FF) removed.
Unused block
"cpu_module/instruction_mem/data_memory/U0/xst_options.dist_mem_inst/gen_dp_ram.
dpram_inst/qdpo_int_9" (FF) removed.
Unused block
"cpu_module/instruction_mem/data_memory/U0/xst_options.dist_mem_inst/gen_dp_ram.
dpram_inst/qspo_int_0" (FF) removed.
Unused block
"cpu_module/instruction_mem/data_memory/U0/xst_options.dist_mem_inst/gen_dp_ram.
dpram_inst/qspo_int_1" (FF) removed.
Unused block
"cpu_module/instruction_mem/data_memory/U0/xst_options.dist_mem_inst/gen_dp_ram.
dpram_inst/qspo_int_10" (FF) removed.
Unused block
"cpu_module/instruction_mem/data_memory/U0/xst_options.dist_mem_inst/gen_dp_ram.
dpram_inst/qspo_int_11" (FF) removed.
Unused block
"cpu_module/instruction_mem/data_memory/U0/xst_options.dist_mem_inst/gen_dp_ram.
dpram_inst/qspo_int_12" (FF) removed.
Unused block
"cpu_module/instruction_mem/data_memory/U0/xst_options.dist_mem_inst/gen_dp_ram.
dpram_inst/qspo_int_13" (FF) removed.
Unused block
"cpu_module/instruction_mem/data_memory/U0/xst_options.dist_mem_inst/gen_dp_ram.
dpram_inst/qspo_int_14" (FF) removed.
Unused block
"cpu_module/instruction_mem/data_memory/U0/xst_options.dist_mem_inst/gen_dp_ram.
dpram_inst/qspo_int_15" (FF) removed.
Unused block
"cpu_module/instruction_mem/data_memory/U0/xst_options.dist_mem_inst/gen_dp_ram.
dpram_inst/qspo_int_16" (FF) removed.
Unused block
"cpu_module/instruction_mem/data_memory/U0/xst_options.dist_mem_inst/gen_dp_ram.
dpram_inst/qspo_int_17" (FF) removed.
Unused block
"cpu_module/instruction_mem/data_memory/U0/xst_options.dist_mem_inst/gen_dp_ram.
dpram_inst/qspo_int_18" (FF) removed.
Unused block
"cpu_module/instruction_mem/data_memory/U0/xst_options.dist_mem_inst/gen_dp_ram.
dpram_inst/qspo_int_19" (FF) removed.
Unused block
"cpu_module/instruction_mem/data_memory/U0/xst_options.dist_mem_inst/gen_dp_ram.
dpram_inst/qspo_int_2" (FF) removed.
Unused block
"cpu_module/instruction_mem/data_memory/U0/xst_options.dist_mem_inst/gen_dp_ram.
dpram_inst/qspo_int_20" (FF) removed.
Unused block
"cpu_module/instruction_mem/data_memory/U0/xst_options.dist_mem_inst/gen_dp_ram.
dpram_inst/qspo_int_21" (FF) removed.
Unused block
"cpu_module/instruction_mem/data_memory/U0/xst_options.dist_mem_inst/gen_dp_ram.
dpram_inst/qspo_int_22" (FF) removed.
Unused block
"cpu_module/instruction_mem/data_memory/U0/xst_options.dist_mem_inst/gen_dp_ram.
dpram_inst/qspo_int_23" (FF) removed.
Unused block
"cpu_module/instruction_mem/data_memory/U0/xst_options.dist_mem_inst/gen_dp_ram.
dpram_inst/qspo_int_24" (FF) removed.
Unused block
"cpu_module/instruction_mem/data_memory/U0/xst_options.dist_mem_inst/gen_dp_ram.
dpram_inst/qspo_int_25" (FF) removed.
Unused block
"cpu_module/instruction_mem/data_memory/U0/xst_options.dist_mem_inst/gen_dp_ram.
dpram_inst/qspo_int_26" (FF) removed.
Unused block
"cpu_module/instruction_mem/data_memory/U0/xst_options.dist_mem_inst/gen_dp_ram.
dpram_inst/qspo_int_27" (FF) removed.
Unused block
"cpu_module/instruction_mem/data_memory/U0/xst_options.dist_mem_inst/gen_dp_ram.
dpram_inst/qspo_int_28" (FF) removed.
Unused block
"cpu_module/instruction_mem/data_memory/U0/xst_options.dist_mem_inst/gen_dp_ram.
dpram_inst/qspo_int_29" (FF) removed.
Unused block
"cpu_module/instruction_mem/data_memory/U0/xst_options.dist_mem_inst/gen_dp_ram.
dpram_inst/qspo_int_3" (FF) removed.
Unused block
"cpu_module/instruction_mem/data_memory/U0/xst_options.dist_mem_inst/gen_dp_ram.
dpram_inst/qspo_int_30" (FF) removed.
Unused block
"cpu_module/instruction_mem/data_memory/U0/xst_options.dist_mem_inst/gen_dp_ram.
dpram_inst/qspo_int_31" (FF) removed.
Unused block
"cpu_module/instruction_mem/data_memory/U0/xst_options.dist_mem_inst/gen_dp_ram.
dpram_inst/qspo_int_4" (FF) removed.
Unused block
"cpu_module/instruction_mem/data_memory/U0/xst_options.dist_mem_inst/gen_dp_ram.
dpram_inst/qspo_int_5" (FF) removed.
Unused block
"cpu_module/instruction_mem/data_memory/U0/xst_options.dist_mem_inst/gen_dp_ram.
dpram_inst/qspo_int_6" (FF) removed.
Unused block
"cpu_module/instruction_mem/data_memory/U0/xst_options.dist_mem_inst/gen_dp_ram.
dpram_inst/qspo_int_7" (FF) removed.
Unused block
"cpu_module/instruction_mem/data_memory/U0/xst_options.dist_mem_inst/gen_dp_ram.
dpram_inst/qspo_int_8" (FF) removed.
Unused block
"cpu_module/instruction_mem/data_memory/U0/xst_options.dist_mem_inst/gen_dp_ram.
dpram_inst/qspo_int_9" (FF) removed.

Optimized Block(s):
TYPE 		BLOCK
GND 		XST_GND
VCC 		XST_VCC

To enable printing of redundant blocks removed and signals merged, set the
detailed map report option and rerun map.

Section 6 - IOB Properties
--------------------------

+---------------------------------------------------------------------------------------------------------------------------------------------------------+
| IOB Name                           | Type             | Direction | IO Standard          | Diff  | Drive    | Slew | Reg (s)      | Resistor | IOB      |
|                                    |                  |           |                      | Term  | Strength | Rate |              |          | Delay    |
+---------------------------------------------------------------------------------------------------------------------------------------------------------+
| clk                                | IOB              | INPUT     | LVCMOS33             |       |          |      |              |          |          |
| led<0>                             | IOB              | OUTPUT    | LVCMOS33             |       | 12       | SLOW |              |          |          |
| led<1>                             | IOB              | OUTPUT    | LVCMOS33             |       | 12       | SLOW |              |          |          |
| led<2>                             | IOB              | OUTPUT    | LVCMOS33             |       | 12       | SLOW |              |          |          |
| led<3>                             | IOB              | OUTPUT    | LVCMOS33             |       | 12       | SLOW |              |          |          |
| led<4>                             | IOB              | OUTPUT    | LVCMOS33             |       | 12       | SLOW |              |          |          |
| led<5>                             | IOB              | OUTPUT    | LVCMOS33             |       | 12       | SLOW |              |          |          |
| rst                                | IOB              | INPUT     | LVCMOS33             |       |          |      |              |          |          |
| seg<0>                             | IOB              | OUTPUT    | LVCMOS33             |       | 12       | SLOW | OFF          |          |          |
| seg<1>                             | IOB              | OUTPUT    | LVCMOS33             |       | 12       | SLOW |              |          |          |
| seg<2>                             | IOB              | OUTPUT    | LVCMOS33             |       | 12       | SLOW |              |          |          |
| seg<3>                             | IOB              | OUTPUT    | LVCMOS33             |       | 12       | SLOW |              |          |          |
| seg<4>                             | IOB              | OUTPUT    | LVCMOS33             |       | 12       | SLOW |              |          |          |
| seg<5>                             | IOB              | OUTPUT    | LVCMOS33             |       | 12       | SLOW |              |          |          |
| seg<6>                             | IOB              | OUTPUT    | LVCMOS33             |       | 12       | SLOW |              |          |          |
| seg<7>                             | IOB              | OUTPUT    | LVCMOS33             |       | 12       | SLOW |              |          |          |
| sel<0>                             | IOB              | OUTPUT    | LVCMOS33             |       | 12       | SLOW |              |          |          |
| sel<1>                             | IOB              | OUTPUT    | LVCMOS33             |       | 12       | SLOW |              |          |          |
| sel<2>                             | IOB              | OUTPUT    | LVCMOS33             |       | 12       | SLOW |              |          |          |
| sel<3>                             | IOB              | OUTPUT    | LVCMOS33             |       | 12       | SLOW |              |          |          |
+---------------------------------------------------------------------------------------------------------------------------------------------------------+

Section 7 - RPMs
----------------

Section 8 - Guide Report
------------------------
Guide not run on this design.

Section 9 - Area Group and Partition Summary
--------------------------------------------

Partition Implementation Status
-------------------------------

  No Partitions were found in this design.

-------------------------------

Area Group Information
----------------------

  No area groups were found in this design.

----------------------

Section 10 - Timing Report
--------------------------
A logic-level (pre-route) timing report can be generated by using Xilinx static
timing analysis tools, Timing Analyzer (GUI) or TRCE (command line), with the
mapped NCD and PCF files. Please note that this timing report will be generated
using estimated delay information. For accurate numbers, please generate a
timing report with the post Place and Route NCD file.

For more information about the Timing Analyzer, consult the Xilinx Timing
Analyzer Reference Manual; for more information about TRCE, consult the Xilinx
Command Line Tools User Guide "TRACE" chapter.

Section 11 - Configuration String Details
-----------------------------------------
Use the "-detail" map option to print out Configuration Strings

Section 12 - Control Set Information
------------------------------------
Use the "-detail" map option to print out Control Set Information.

Section 13 - Utilization by Hierarchy
-------------------------------------
Use the "-detail" map option to print out the Utilization by Hierarchy section.
