INFO:sim:172 - Generating IP...
Resolving generics for 'data_mem'...
Applying external generics to 'data_mem'...
Delivering associated files for 'data_mem'...
Delivering EJava files for 'data_mem'...
Generating implementation netlist for 'data_mem'...
INFO:sim - Pre-processing HDL files for 'data_mem'...
Running synthesis for 'data_mem'
Running ngcbuild...
Writing VEO instantiation template for 'data_mem'...
Writing Verilog behavioral simulation model for 'data_mem'...
WARNING:sim - Overwriting existing file
   C:/FPGA/pipeline_mips/ipcore_dir/tmp/_cg/data_mem/doc/dist_mem_gen_v7_2_vinfo
   .html with file from view xilinx_documentation
Delivered 2 files into directory
C:/FPGA/pipeline_mips/ipcore_dir/tmp/_cg/data_mem
Generating ASY schematic symbol...
INFO:sim:949 - Finished generation of ASY schematic symbol.
Generating SYM schematic symbol for 'data_mem'...
Generating metadata file...
Generating ISE project file for 'data_mem'...
Generating ISE project...
XCO file found: data_mem.xco
XMDF file found: data_mem_xmdf.tcl
Adding C:/FPGA/pipeline_mips/ipcore_dir/tmp/_cg/data_mem.asy -view all
-origin_type imported
Adding C:/FPGA/pipeline_mips/ipcore_dir/tmp/_cg/data_mem.ngc -view all
-origin_type created
Checking file "C:/FPGA/pipeline_mips/ipcore_dir/tmp/_cg/data_mem.ngc" for
project device match ...
File "C:/FPGA/pipeline_mips/ipcore_dir/tmp/_cg/data_mem.ngc" device information
matches project device.
Adding C:/FPGA/pipeline_mips/ipcore_dir/tmp/_cg/data_mem.sym -view all
-origin_type imported
Adding C:/FPGA/pipeline_mips/ipcore_dir/tmp/_cg/data_mem.v -view all
-origin_type created
INFO:HDLCompiler:1845 - Analyzing Verilog file
   "C:/FPGA/pipeline_mips/ipcore_dir/tmp/_cg/data_mem.v" into library work
INFO:ProjectMgmt - Parsing design hierarchy completed successfully.
Adding C:/FPGA/pipeline_mips/ipcore_dir/tmp/_cg/data_mem.veo -view all
-origin_type imported
INFO:TclTasksC:2116 - The automatic calculation of top has been turned-off.
   Please set the new top explicitly by running the "project set top" command.
   To re-calculate the new top automatically, set the "Auto Implementation Top"
   property to true.
Top level has been set to "/data_mem"
Generating README file...
Generating FLIST file...
INFO:sim:948 - Finished FLIST file generation.
Launching README viewer...
Moving files to output directory...
Finished moving files to output directory
Wrote CGP file for project 'data_mem'.
